[0.874s] Invoking command in '/home/mate/ros2_ws/build/ros2_course': PYTHONPATH=/home/mate/ros2_ws/build/ros2_course/prefix_override:/home/mate/ros2_ws/install/ros2_course/lib/python3.10/site-packages:${PYTHONPATH} /usr/bin/python3 -W ignore:setup.py install is deprecated setup.py develop --editable --build-directory /home/mate/ros2_ws/build/ros2_course/build --no-deps symlink_data
[1.283s] running develop
[1.283s] /usr/lib/python3/dist-packages/setuptools/command/easy_install.py:158: EasyInstallDeprecationWarning: easy_install command is deprecated. Use build and pip and other standards-based tools.
[1.284s]   warnings.warn(
[1.557s] running egg_info
[1.557s] writing ros2_course.egg-info/PKG-INFO
[1.558s] writing dependency_links to ros2_course.egg-info/dependency_links.txt
[1.558s] writing entry points to ros2_course.egg-info/entry_points.txt
[1.558s] writing requirements to ros2_course.egg-info/requires.txt
[1.558s] writing top-level names to ros2_course.egg-info/top_level.txt
[1.561s] reading manifest file 'ros2_course.egg-info/SOURCES.txt'
[1.562s] writing manifest file 'ros2_course.egg-info/SOURCES.txt'
[1.564s] running build_ext
[1.564s] Creating /home/mate/ros2_ws/install/ros2_course/lib/python3.10/site-packages/ros2-course.egg-link (link to .)
[1.566s] Installing dummy_marker script to /home/mate/ros2_ws/install/ros2_course/lib/ros2_course
[1.566s] Installing hello script to /home/mate/ros2_ws/install/ros2_course/lib/ros2_course
[1.566s] Installing psm_grasp script to /home/mate/ros2_ws/install/ros2_course/lib/ros2_course
[1.567s] 
[1.567s] Installed /home/mate/ros2_ws/build/ros2_course
[1.567s] running symlink_data
[1.567s] symbolically linking /home/mate/ros2_ws/build/ros2_course/launch/turtlesim_controller_launch.py -> /home/mate/ros2_ws/install/ros2_course/share/ros2_course
[1.610s] Invoked command in '/home/mate/ros2_ws/build/ros2_course' returned '0': PYTHONPATH=/home/mate/ros2_ws/build/ros2_course/prefix_override:/home/mate/ros2_ws/install/ros2_course/lib/python3.10/site-packages:${PYTHONPATH} /usr/bin/python3 -W ignore:setup.py install is deprecated setup.py develop --editable --build-directory /home/mate/ros2_ws/build/ros2_course/build --no-deps symlink_data
