running develop
/usr/lib/python3/dist-packages/setuptools/command/easy_install.py:158: EasyInstallDeprecationWarning: easy_install command is deprecated. Use build and pip and other standards-based tools.
  warnings.warn(
running egg_info
writing ros2_course.egg-info/PKG-INFO
writing dependency_links to ros2_course.egg-info/dependency_links.txt
writing entry points to ros2_course.egg-info/entry_points.txt
writing requirements to ros2_course.egg-info/requires.txt
writing top-level names to ros2_course.egg-info/top_level.txt
reading manifest file 'ros2_course.egg-info/SOURCES.txt'
writing manifest file 'ros2_course.egg-info/SOURCES.txt'
running build_ext
Creating /home/mate/ros2_ws/install/ros2_course/lib/python3.10/site-packages/ros2-course.egg-link (link to .)
Installing dummy_marker script to /home/mate/ros2_ws/install/ros2_course/lib/ros2_course
Installing hello script to /home/mate/ros2_ws/install/ros2_course/lib/ros2_course
Installing psm_grasp script to /home/mate/ros2_ws/install/ros2_course/lib/ros2_course
Installing topic_latcher script to /home/mate/ros2_ws/install/ros2_course/lib/ros2_course
Installing turtlesim_controller script to /home/mate/ros2_ws/install/ros2_course/lib/ros2_course

Installed /home/mate/ros2_ws/build/ros2_course
running symlink_data
