[1.129s] Invoking command in '/home/mate/ros2_ws/build/ros2_course': PYTHONPATH=/home/mate/ros2_ws/build/ros2_course/prefix_override:/home/mate/ros2_ws/install/ros2_course/lib/python3.10/site-packages:${PYTHONPATH} /usr/bin/python3 -W ignore:setup.py install is deprecated setup.py develop --editable --build-directory /home/mate/ros2_ws/build/ros2_course/build --no-deps symlink_data
[1.550s] running develop
[1.551s] /usr/lib/python3/dist-packages/setuptools/command/easy_install.py:158: EasyInstallDeprecationWarning: easy_install command is deprecated. Use build and pip and other standards-based tools.
[1.551s]   warnings.warn(
[1.849s] running egg_info
[1.850s] writing ros2_course.egg-info/PKG-INFO
[1.850s] writing dependency_links to ros2_course.egg-info/dependency_links.txt
[1.850s] writing entry points to ros2_course.egg-info/entry_points.txt
[1.852s] writing requirements to ros2_course.egg-info/requires.txt
[1.852s] writing top-level names to ros2_course.egg-info/top_level.txt
[1.854s] reading manifest file 'ros2_course.egg-info/SOURCES.txt'
[1.855s] writing manifest file 'ros2_course.egg-info/SOURCES.txt'
[1.857s] running build_ext
[1.858s] Creating /home/mate/ros2_ws/install/ros2_course/lib/python3.10/site-packages/ros2-course.egg-link (link to .)
[1.859s] Installing dummy_marker script to /home/mate/ros2_ws/install/ros2_course/lib/ros2_course
[1.859s] Installing hello script to /home/mate/ros2_ws/install/ros2_course/lib/ros2_course
[1.860s] Installing psm_grasp script to /home/mate/ros2_ws/install/ros2_course/lib/ros2_course
[1.860s] Installing topic_latcher script to /home/mate/ros2_ws/install/ros2_course/lib/ros2_course
[1.860s] Installing turtlesim_controller script to /home/mate/ros2_ws/install/ros2_course/lib/ros2_course
[1.860s] 
[1.861s] Installed /home/mate/ros2_ws/build/ros2_course
[1.861s] running symlink_data
[1.903s] Invoked command in '/home/mate/ros2_ws/build/ros2_course' returned '0': PYTHONPATH=/home/mate/ros2_ws/build/ros2_course/prefix_override:/home/mate/ros2_ws/install/ros2_course/lib/python3.10/site-packages:${PYTHONPATH} /usr/bin/python3 -W ignore:setup.py install is deprecated setup.py develop --editable --build-directory /home/mate/ros2_ws/build/ros2_course/build --no-deps symlink_data
