[0.841s] Invoking command in '/home/mate/ros2_ws/build/ros2_course': PYTHONPATH=/home/mate/ros2_ws/build/ros2_course/prefix_override:/home/mate/ros2_ws/install/ros2_course/lib/python3.10/site-packages:${PYTHONPATH} /usr/bin/python3 -W ignore:setup.py install is deprecated setup.py develop --editable --build-directory /home/mate/ros2_ws/build/ros2_course/build --no-deps symlink_data
[1.200s] running develop
[1.205s] /usr/lib/python3/dist-packages/setuptools/command/easy_install.py:158: EasyInstallDeprecationWarning: easy_install command is deprecated. Use build and pip and other standards-based tools.
[1.205s]   warnings.warn(
[1.436s] running egg_info
[1.437s] creating ros2_course.egg-info
[1.437s] writing ros2_course.egg-info/PKG-INFO
[1.437s] writing dependency_links to ros2_course.egg-info/dependency_links.txt
[1.437s] writing entry points to ros2_course.egg-info/entry_points.txt
[1.438s] writing requirements to ros2_course.egg-info/requires.txt
[1.438s] writing top-level names to ros2_course.egg-info/top_level.txt
[1.438s] writing manifest file 'ros2_course.egg-info/SOURCES.txt'
[1.440s] reading manifest file 'ros2_course.egg-info/SOURCES.txt'
[1.441s] writing manifest file 'ros2_course.egg-info/SOURCES.txt'
[1.443s] running build_ext
[1.443s] Creating /home/mate/ros2_ws/install/ros2_course/lib/python3.10/site-packages/ros2-course.egg-link (link to .)
[1.444s] Installing hello script to /home/mate/ros2_ws/install/ros2_course/lib/ros2_course
[1.444s] 
[1.444s] Installed /home/mate/ros2_ws/build/ros2_course
[1.445s] running symlink_data
[1.445s] creating /home/mate/ros2_ws/install/ros2_course/share/ament_index
[1.445s] creating /home/mate/ros2_ws/install/ros2_course/share/ament_index/resource_index
[1.445s] creating /home/mate/ros2_ws/install/ros2_course/share/ament_index/resource_index/packages
[1.445s] symbolically linking /home/mate/ros2_ws/build/ros2_course/resource/ros2_course -> /home/mate/ros2_ws/install/ros2_course/share/ament_index/resource_index/packages
[1.445s] symbolically linking /home/mate/ros2_ws/build/ros2_course/package.xml -> /home/mate/ros2_ws/install/ros2_course/share/ros2_course
[1.483s] Invoked command in '/home/mate/ros2_ws/build/ros2_course' returned '0': PYTHONPATH=/home/mate/ros2_ws/build/ros2_course/prefix_override:/home/mate/ros2_ws/install/ros2_course/lib/python3.10/site-packages:${PYTHONPATH} /usr/bin/python3 -W ignore:setup.py install is deprecated setup.py develop --editable --build-directory /home/mate/ros2_ws/build/ros2_course/build --no-deps symlink_data
