[0.000000] (-) TimerEvent: {}
[0.000278] (ros2_course) JobQueued: {'identifier': 'ros2_course', 'dependencies': OrderedDict()}
[0.000643] (ros2_course) JobStarted: {'identifier': 'ros2_course'}
[0.099622] (-) TimerEvent: {}
[0.199806] (-) TimerEvent: {}
[0.300003] (-) TimerEvent: {}
[0.400215] (-) TimerEvent: {}
[0.500426] (-) TimerEvent: {}
[0.600803] (-) TimerEvent: {}
[0.701021] (-) TimerEvent: {}
[0.801222] (-) TimerEvent: {}
[0.901427] (-) TimerEvent: {}
[1.001628] (-) TimerEvent: {}
[1.101836] (-) TimerEvent: {}
[1.202045] (-) TimerEvent: {}
[1.302255] (-) TimerEvent: {}
[1.306081] (ros2_course) Command: {'cmd': ['/usr/bin/python3', '-W', 'ignore:setup.py install is deprecated', 'setup.py', 'develop', '--uninstall', '--editable', '--build-directory', '/home/mate/ros2_ws/build/ros2_course/build'], 'cwd': '/home/mate/ros2_ws/build/ros2_course', 'env': {'GJS_DEBUG_TOPICS': 'JS ERROR;JS LOG', 'LC_TIME': 'hu_HU.UTF-8', 'USER': 'mate', 'ROS_PACKAGE_PATH': '/home/mate/dvrk2_ws/install/cisst/share', 'XDG_SESSION_TYPE': 'wayland', 'LD_LIBRARY_PATH': '/home/mate/dvrk2_ws/install/dvrk_robot/lib:/home/mate/dvrk2_ws/install/sawIntuitiveResearchKitAll/lib:/home/mate/dvrk2_ws/install/sawTextToSpeechAll/lib:/home/mate/dvrk2_ws/install/robot_io/lib:/home/mate/dvrk2_ws/install/sawRobotIO1394All/lib:/home/mate/dvrk2_ws/install/sawControllersAll/lib:/home/mate/dvrk2_ws/install/sawKeyboardAll/lib:/home/mate/dvrk2_ws/install/dvrk_arm_from_ros/lib:/home/mate/dvrk2_ws/install/cisst_ros2_crtk/lib:/home/mate/dvrk2_ws/install/crtk_msgs/lib:/home/mate/dvrk2_ws/install/cisst_ros2_bridge/lib:/home/mate/dvrk2_ws/install/cisst_msgs/lib:/home/mate/dvrk2_ws/install/cisst/lib:/home/mate/dvrk2_ws/install/cisstNetlib/lib:/opt/ros/humble/opt/rviz_ogre_vendor/lib:/opt/ros/humble/lib/x86_64-linux-gnu:/opt/ros/humble/lib', 'SHLVL': '8', 'HOME': '/home/mate', 'DESKTOP_SESSION': 'ubuntu', 'QTDIR': '/usr/lib/x86_64-linux-gnu/qt5', 'GIO_LAUNCHED_DESKTOP_FILE': '/usr/share/applications/QtProject-qtcreator-ros-latest.desktop', 'GNOME_SHELL_SESSION_MODE': 'ubuntu', 'GTK_MODULES': 'gail:atk-bridge', 'ROS_PYTHON_VERSION': '3', 'LC_MONETARY': 'hu_HU.UTF-8', 'MANAGERPID': '1321', 'DBUS_SESSION_BUS_ADDRESS': 'unix:path=/run/user/1000/bus', 'SYSTEMD_EXEC_PID': '1504', 'GIO_LAUNCHED_DESKTOP_FILE_PID': '13819', 'COLCON_PREFIX_PATH': '/home/mate/ros2_ws/install:/home/mate/dvrk2_ws/install', 'IM_CONFIG_PHASE': '1', 'ROS_DISTRO': 'humble', 'WAYLAND_DISPLAY': 'wayland-0', 'LOGNAME': 'mate', 'JOURNAL_STREAM': '8:28515', '_': '/usr/bin/env', 'PKG_CONFIG_PATH': '/home/mate/dvrk2_ws/install/dvrk_config_jhu/lib/x86_64-linux-gnu/pkgconfig:/home/mate/dvrk2_ws/install/dvrk_config_jhu/lib/pkgconfig:/home/mate/dvrk2_ws/install/cisst/lib/x86_64-linux-gnu/pkgconfig:/home/mate/dvrk2_ws/install/cisst/lib/pkgconfig:/home/mate/dvrk2_ws/install/cisstNetlib/lib/x86_64-linux-gnu/pkgconfig:/home/mate/dvrk2_ws/install/cisstNetlib/lib/pkgconfig', 'ROS_VERSION': '2', 'XDG_SESSION_CLASS': 'user', 'TERM': 'xterm', 'USERNAME': 'mate', 'GNOME_DESKTOP_SESSION_ID': 'this-is-deprecated', 'ROS_LOCALHOST_ONLY': '0', 'PATH': '/home/mate/dvrk2_ws/install/sawIntuitiveResearchKitAll/bin:/home/mate/dvrk2_ws/install/sawTextToSpeechAll/bin:/home/mate/dvrk2_ws/install/sawRobotIO1394All/bin:/home/mate/dvrk2_ws/install/sawControllersAll/bin:/home/mate/dvrk2_ws/install/cisst/bin:/opt/ros/humble/bin:/usr/local/sbin:/usr/local/bin:/usr/sbin:/usr/bin:/sbin:/bin:/usr/games:/usr/local/games:/snap/bin:/snap/bin', 'INVOCATION_ID': '37264717c20a466fa35a15ed362fe15a', 'SESSION_MANAGER': 'local/mate-ThinkPad-ubuntu:@/tmp/.ICE-unix/1477,unix/mate-ThinkPad-ubuntu:/tmp/.ICE-unix/1477', 'GNOME_SETUP_DISPLAY': ':1', 'LC_ADDRESS': 'hu_HU.UTF-8', 'XDG_MENU_PREFIX': 'gnome-', 'XDG_RUNTIME_DIR': '/run/user/1000', 'DISPLAY': ':0', 'LANG': 'en_US.UTF-8', 'LC_TELEPHONE': 'hu_HU.UTF-8', 'XDG_CURRENT_DESKTOP': 'ubuntu:GNOME', 'XAUTHORITY': '/run/user/1000/.mutter-Xwaylandauth.1QSHL2', 'XDG_SESSION_DESKTOP': 'ubuntu', 'XMODIFIERS': '@im=ibus', 'AMENT_PREFIX_PATH': '/home/mate/dvrk2_ws/install/dvrk_robot:/home/mate/dvrk2_ws/install/robot_io:/home/mate/dvrk2_ws/install/dvrk_python:/home/mate/dvrk2_ws/install/dvrk_model:/home/mate/dvrk2_ws/install/dvrk_arm_from_ros:/home/mate/dvrk2_ws/install/cisst_ros2_crtk:/home/mate/dvrk2_ws/install/crtk_msgs:/home/mate/dvrk2_ws/install/crtk:/home/mate/dvrk2_ws/install/cisst_ros2_bridge:/home/mate/dvrk2_ws/install/cisst_msgs:/home/mate/ros2_ws/install/ros2_course:/opt/ros/humble', 'SSH_AGENT_LAUNCHER': 'gnome-keyring', 'SSH_AUTH_SOCK': '/run/user/1000/keyring/ssh', 'LC_NAME': 'hu_HU.UTF-8', 'SHELL': '/bin/bash', 'GDMSESSION': 'ubuntu', 'QT_ACCESSIBILITY': '1', 'LC_MEASUREMENT': 'hu_HU.UTF-8', 'GJS_DEBUG_OUTPUT': 'stderr', 'LC_IDENTIFICATION': 'hu_HU.UTF-8', 'QT_IM_MODULE': 'ibus', 'LC_ALL': 'C', 'PWD': '/home/mate/ros2_ws/build/ros2_course', 'XDG_CONFIG_DIRS': '/etc/xdg/xdg-ubuntu:/etc/xdg', 'XDG_DATA_DIRS': '/usr/share/ubuntu:/usr/local/share/:/usr/share/:/var/lib/snapd/desktop', 'LC_NUMERIC': 'hu_HU.UTF-8', 'PYTHONPATH': '/home/mate/ros2_ws/build/ros2_course/prefix_override:/home/mate/ros2_ws/install/ros2_course/lib/python3.10/site-packages:/home/mate/dvrk2_ws/install/dvrk_python/lib/python3.10/site-packages:/home/mate/dvrk2_ws/install/dvrk_model/lib/python3.10/site-packages:/home/mate/dvrk2_ws/install/crtk_msgs/local/lib/python3.10/dist-packages:/home/mate/dvrk2_ws/install/crtk/lib/python3.10/site-packages:/home/mate/dvrk2_ws/install/cisst_msgs/local/lib/python3.10/dist-packages:/home/mate/ros2_ws/build/ros2_course:/home/mate/ros2_ws/install/ros2_course/lib/python3.10/site-packages:/opt/ros/humble/lib/python3.10/site-packages:/opt/ros/humble/local/lib/python3.10/dist-packages', 'LC_PAPER': 'hu_HU.UTF-8', 'COLCON': '1', 'CMAKE_PREFIX_PATH': '/home/mate/dvrk2_ws/install/dvrk_robot:/home/mate/dvrk2_ws/install/sawIntuitiveResearchKitAll:/home/mate/dvrk2_ws/install/sawTextToSpeechAll:/home/mate/dvrk2_ws/install/robot_io:/home/mate/dvrk2_ws/install/sawRobotIO1394All:/home/mate/dvrk2_ws/install/sawControllersAll:/home/mate/dvrk2_ws/install/sawKeyboardAll:/home/mate/dvrk2_ws/install/dvrk_config_jhu:/home/mate/dvrk2_ws/install/dvrk_arm_from_ros:/home/mate/dvrk2_ws/install/cisst_ros2_crtk:/home/mate/dvrk2_ws/install/crtk_msgs:/home/mate/dvrk2_ws/install/cisst_ros2_bridge:/home/mate/dvrk2_ws/install/cisst_msgs:/home/mate/dvrk2_ws/install/cisst:/home/mate/dvrk2_ws/install/cisstNetlib'}, 'shell': False}
[1.402368] (-) TimerEvent: {}
[1.502574] (-) TimerEvent: {}
[1.602832] (-) TimerEvent: {}
[1.703026] (-) TimerEvent: {}
[1.803223] (-) TimerEvent: {}
[1.877698] (ros2_course) StdoutLine: {'line': b'running develop\n'}
[1.878267] (ros2_course) StderrLine: {'line': b'/usr/lib/python3/dist-packages/setuptools/command/easy_install.py:158: EasyInstallDeprecationWarning: easy_install command is deprecated. Use build and pip and other standards-based tools.\n'}
[1.878506] (ros2_course) StderrLine: {'line': b'  warnings.warn(\n'}
[1.903286] (-) TimerEvent: {}
[2.003440] (-) TimerEvent: {}
[2.103666] (-) TimerEvent: {}
[2.203887] (-) TimerEvent: {}
[2.271532] (ros2_course) StdoutLine: {'line': b'Removing /home/mate/ros2_ws/install/ros2_course/lib/python3.10/site-packages/ros2-course.egg-link (link to .)\n'}
[2.304001] (-) TimerEvent: {}
[2.323999] (ros2_course) CommandEnded: {'returncode': 0}
[2.326013] (ros2_course) Command: {'cmd': ['/usr/bin/python3', '-W', 'ignore:setup.py install is deprecated', 'setup.py', 'egg_info', '--egg-base', '../../build/ros2_course', 'build', '--build-base', '/home/mate/ros2_ws/build/ros2_course/build', 'install', '--record', '/home/mate/ros2_ws/build/ros2_course/install.log', '--single-version-externally-managed', 'install_data', '--force'], 'cwd': '/home/mate/ros2_ws/src/ros2_course', 'env': {'GJS_DEBUG_TOPICS': 'JS ERROR;JS LOG', 'LC_TIME': 'hu_HU.UTF-8', 'USER': 'mate', 'ROS_PACKAGE_PATH': '/home/mate/dvrk2_ws/install/cisst/share', 'XDG_SESSION_TYPE': 'wayland', 'LD_LIBRARY_PATH': '/home/mate/dvrk2_ws/install/dvrk_robot/lib:/home/mate/dvrk2_ws/install/sawIntuitiveResearchKitAll/lib:/home/mate/dvrk2_ws/install/sawTextToSpeechAll/lib:/home/mate/dvrk2_ws/install/robot_io/lib:/home/mate/dvrk2_ws/install/sawRobotIO1394All/lib:/home/mate/dvrk2_ws/install/sawControllersAll/lib:/home/mate/dvrk2_ws/install/sawKeyboardAll/lib:/home/mate/dvrk2_ws/install/dvrk_arm_from_ros/lib:/home/mate/dvrk2_ws/install/cisst_ros2_crtk/lib:/home/mate/dvrk2_ws/install/crtk_msgs/lib:/home/mate/dvrk2_ws/install/cisst_ros2_bridge/lib:/home/mate/dvrk2_ws/install/cisst_msgs/lib:/home/mate/dvrk2_ws/install/cisst/lib:/home/mate/dvrk2_ws/install/cisstNetlib/lib:/opt/ros/humble/opt/rviz_ogre_vendor/lib:/opt/ros/humble/lib/x86_64-linux-gnu:/opt/ros/humble/lib', 'SHLVL': '8', 'HOME': '/home/mate', 'DESKTOP_SESSION': 'ubuntu', 'QTDIR': '/usr/lib/x86_64-linux-gnu/qt5', 'GIO_LAUNCHED_DESKTOP_FILE': '/usr/share/applications/QtProject-qtcreator-ros-latest.desktop', 'GNOME_SHELL_SESSION_MODE': 'ubuntu', 'GTK_MODULES': 'gail:atk-bridge', 'ROS_PYTHON_VERSION': '3', 'LC_MONETARY': 'hu_HU.UTF-8', 'MANAGERPID': '1321', 'DBUS_SESSION_BUS_ADDRESS': 'unix:path=/run/user/1000/bus', 'SYSTEMD_EXEC_PID': '1504', 'GIO_LAUNCHED_DESKTOP_FILE_PID': '13819', 'COLCON_PREFIX_PATH': '/home/mate/ros2_ws/install:/home/mate/dvrk2_ws/install', 'IM_CONFIG_PHASE': '1', 'ROS_DISTRO': 'humble', 'WAYLAND_DISPLAY': 'wayland-0', 'LOGNAME': 'mate', 'JOURNAL_STREAM': '8:28515', '_': '/usr/bin/env', 'PKG_CONFIG_PATH': '/home/mate/dvrk2_ws/install/dvrk_config_jhu/lib/x86_64-linux-gnu/pkgconfig:/home/mate/dvrk2_ws/install/dvrk_config_jhu/lib/pkgconfig:/home/mate/dvrk2_ws/install/cisst/lib/x86_64-linux-gnu/pkgconfig:/home/mate/dvrk2_ws/install/cisst/lib/pkgconfig:/home/mate/dvrk2_ws/install/cisstNetlib/lib/x86_64-linux-gnu/pkgconfig:/home/mate/dvrk2_ws/install/cisstNetlib/lib/pkgconfig', 'ROS_VERSION': '2', 'XDG_SESSION_CLASS': 'user', 'TERM': 'xterm', 'USERNAME': 'mate', 'GNOME_DESKTOP_SESSION_ID': 'this-is-deprecated', 'ROS_LOCALHOST_ONLY': '0', 'PATH': '/home/mate/dvrk2_ws/install/sawIntuitiveResearchKitAll/bin:/home/mate/dvrk2_ws/install/sawTextToSpeechAll/bin:/home/mate/dvrk2_ws/install/sawRobotIO1394All/bin:/home/mate/dvrk2_ws/install/sawControllersAll/bin:/home/mate/dvrk2_ws/install/cisst/bin:/opt/ros/humble/bin:/usr/local/sbin:/usr/local/bin:/usr/sbin:/usr/bin:/sbin:/bin:/usr/games:/usr/local/games:/snap/bin:/snap/bin', 'INVOCATION_ID': '37264717c20a466fa35a15ed362fe15a', 'SESSION_MANAGER': 'local/mate-ThinkPad-ubuntu:@/tmp/.ICE-unix/1477,unix/mate-ThinkPad-ubuntu:/tmp/.ICE-unix/1477', 'GNOME_SETUP_DISPLAY': ':1', 'LC_ADDRESS': 'hu_HU.UTF-8', 'XDG_MENU_PREFIX': 'gnome-', 'XDG_RUNTIME_DIR': '/run/user/1000', 'DISPLAY': ':0', 'LANG': 'en_US.UTF-8', 'LC_TELEPHONE': 'hu_HU.UTF-8', 'XDG_CURRENT_DESKTOP': 'ubuntu:GNOME', 'XAUTHORITY': '/run/user/1000/.mutter-Xwaylandauth.1QSHL2', 'XDG_SESSION_DESKTOP': 'ubuntu', 'XMODIFIERS': '@im=ibus', 'AMENT_PREFIX_PATH': '/home/mate/dvrk2_ws/install/dvrk_robot:/home/mate/dvrk2_ws/install/robot_io:/home/mate/dvrk2_ws/install/dvrk_python:/home/mate/dvrk2_ws/install/dvrk_model:/home/mate/dvrk2_ws/install/dvrk_arm_from_ros:/home/mate/dvrk2_ws/install/cisst_ros2_crtk:/home/mate/dvrk2_ws/install/crtk_msgs:/home/mate/dvrk2_ws/install/crtk:/home/mate/dvrk2_ws/install/cisst_ros2_bridge:/home/mate/dvrk2_ws/install/cisst_msgs:/home/mate/ros2_ws/install/ros2_course:/opt/ros/humble', 'SSH_AGENT_LAUNCHER': 'gnome-keyring', 'SSH_AUTH_SOCK': '/run/user/1000/keyring/ssh', 'LC_NAME': 'hu_HU.UTF-8', 'SHELL': '/bin/bash', 'GDMSESSION': 'ubuntu', 'QT_ACCESSIBILITY': '1', 'LC_MEASUREMENT': 'hu_HU.UTF-8', 'GJS_DEBUG_OUTPUT': 'stderr', 'LC_IDENTIFICATION': 'hu_HU.UTF-8', 'QT_IM_MODULE': 'ibus', 'LC_ALL': 'C', 'PWD': '/home/mate/ros2_ws/build/ros2_course', 'XDG_CONFIG_DIRS': '/etc/xdg/xdg-ubuntu:/etc/xdg', 'XDG_DATA_DIRS': '/usr/share/ubuntu:/usr/local/share/:/usr/share/:/var/lib/snapd/desktop', 'LC_NUMERIC': 'hu_HU.UTF-8', 'PYTHONPATH': '/home/mate/ros2_ws/build/ros2_course/prefix_override:/home/mate/ros2_ws/install/ros2_course/lib/python3.10/site-packages:/home/mate/dvrk2_ws/install/dvrk_python/lib/python3.10/site-packages:/home/mate/dvrk2_ws/install/dvrk_model/lib/python3.10/site-packages:/home/mate/dvrk2_ws/install/crtk_msgs/local/lib/python3.10/dist-packages:/home/mate/dvrk2_ws/install/crtk/lib/python3.10/site-packages:/home/mate/dvrk2_ws/install/cisst_msgs/local/lib/python3.10/dist-packages:/home/mate/ros2_ws/build/ros2_course:/home/mate/ros2_ws/install/ros2_course/lib/python3.10/site-packages:/opt/ros/humble/lib/python3.10/site-packages:/opt/ros/humble/local/lib/python3.10/dist-packages', 'LC_PAPER': 'hu_HU.UTF-8', 'COLCON': '1', 'CMAKE_PREFIX_PATH': '/home/mate/dvrk2_ws/install/dvrk_robot:/home/mate/dvrk2_ws/install/sawIntuitiveResearchKitAll:/home/mate/dvrk2_ws/install/sawTextToSpeechAll:/home/mate/dvrk2_ws/install/robot_io:/home/mate/dvrk2_ws/install/sawRobotIO1394All:/home/mate/dvrk2_ws/install/sawControllersAll:/home/mate/dvrk2_ws/install/sawKeyboardAll:/home/mate/dvrk2_ws/install/dvrk_config_jhu:/home/mate/dvrk2_ws/install/dvrk_arm_from_ros:/home/mate/dvrk2_ws/install/cisst_ros2_crtk:/home/mate/dvrk2_ws/install/crtk_msgs:/home/mate/dvrk2_ws/install/cisst_ros2_bridge:/home/mate/dvrk2_ws/install/cisst_msgs:/home/mate/dvrk2_ws/install/cisst:/home/mate/dvrk2_ws/install/cisstNetlib'}, 'shell': False}
[2.404113] (-) TimerEvent: {}
[2.504332] (-) TimerEvent: {}
[2.604557] (-) TimerEvent: {}
[2.704764] (-) TimerEvent: {}
[2.804975] (-) TimerEvent: {}
[2.864963] (ros2_course) StdoutLine: {'line': b'running egg_info\n'}
[2.866640] (ros2_course) StdoutLine: {'line': b'writing ../../build/ros2_course/ros2_course.egg-info/PKG-INFO\n'}
[2.867318] (ros2_course) StdoutLine: {'line': b'writing dependency_links to ../../build/ros2_course/ros2_course.egg-info/dependency_links.txt\n'}
[2.867728] (ros2_course) StdoutLine: {'line': b'writing entry points to ../../build/ros2_course/ros2_course.egg-info/entry_points.txt\n'}
[2.868107] (ros2_course) StdoutLine: {'line': b'writing requirements to ../../build/ros2_course/ros2_course.egg-info/requires.txt\n'}
[2.868304] (ros2_course) StdoutLine: {'line': b'writing top-level names to ../../build/ros2_course/ros2_course.egg-info/top_level.txt\n'}
[2.871740] (ros2_course) StdoutLine: {'line': b"reading manifest file '../../build/ros2_course/ros2_course.egg-info/SOURCES.txt'\n"}
[2.873447] (ros2_course) StdoutLine: {'line': b"writing manifest file '../../build/ros2_course/ros2_course.egg-info/SOURCES.txt'\n"}
[2.873794] (ros2_course) StdoutLine: {'line': b'running build\n'}
[2.874361] (ros2_course) StdoutLine: {'line': b'running build_py\n'}
[2.874504] (ros2_course) StdoutLine: {'line': b'creating /home/mate/ros2_ws/build/ros2_course/build\n'}
[2.874791] (ros2_course) StdoutLine: {'line': b'creating /home/mate/ros2_ws/build/ros2_course/build/lib\n'}
[2.875072] (ros2_course) StdoutLine: {'line': b'creating /home/mate/ros2_ws/build/ros2_course/build/lib/ros2_course\n'}
[2.875333] (ros2_course) StdoutLine: {'line': b'copying ros2_course/dummy_marker.py -> /home/mate/ros2_ws/build/ros2_course/build/lib/ros2_course\n'}
[2.875457] (ros2_course) StdoutLine: {'line': b'copying ros2_course/psm_grasp.py -> /home/mate/ros2_ws/build/ros2_course/build/lib/ros2_course\n'}
[2.875681] (ros2_course) StdoutLine: {'line': b'copying ros2_course/hello.py -> /home/mate/ros2_ws/build/ros2_course/build/lib/ros2_course\n'}
[2.875845] (ros2_course) StdoutLine: {'line': b'copying ros2_course/__init__.py -> /home/mate/ros2_ws/build/ros2_course/build/lib/ros2_course\n'}
[2.876015] (ros2_course) StdoutLine: {'line': b'running install\n'}
[2.876391] (ros2_course) StdoutLine: {'line': b'running install_lib\n'}
[2.877849] (ros2_course) StdoutLine: {'line': b'creating /home/mate/ros2_ws/install/ros2_course/lib/python3.10/site-packages/ros2_course\n'}
[2.878231] (ros2_course) StdoutLine: {'line': b'copying /home/mate/ros2_ws/build/ros2_course/build/lib/ros2_course/dummy_marker.py -> /home/mate/ros2_ws/install/ros2_course/lib/python3.10/site-packages/ros2_course\n'}
[2.878544] (ros2_course) StdoutLine: {'line': b'copying /home/mate/ros2_ws/build/ros2_course/build/lib/ros2_course/psm_grasp.py -> /home/mate/ros2_ws/install/ros2_course/lib/python3.10/site-packages/ros2_course\n'}
[2.878835] (ros2_course) StdoutLine: {'line': b'copying /home/mate/ros2_ws/build/ros2_course/build/lib/ros2_course/hello.py -> /home/mate/ros2_ws/install/ros2_course/lib/python3.10/site-packages/ros2_course\n'}
[2.879036] (ros2_course) StdoutLine: {'line': b'copying /home/mate/ros2_ws/build/ros2_course/build/lib/ros2_course/__init__.py -> /home/mate/ros2_ws/install/ros2_course/lib/python3.10/site-packages/ros2_course\n'}
[2.880507] (ros2_course) StdoutLine: {'line': b'byte-compiling /home/mate/ros2_ws/install/ros2_course/lib/python3.10/site-packages/ros2_course/dummy_marker.py to dummy_marker.cpython-310.pyc\n'}
[2.881807] (ros2_course) StdoutLine: {'line': b'byte-compiling /home/mate/ros2_ws/install/ros2_course/lib/python3.10/site-packages/ros2_course/psm_grasp.py to psm_grasp.cpython-310.pyc\n'}
[2.883033] (ros2_course) StdoutLine: {'line': b'byte-compiling /home/mate/ros2_ws/install/ros2_course/lib/python3.10/site-packages/ros2_course/hello.py to hello.cpython-310.pyc\n'}
[2.883479] (ros2_course) StdoutLine: {'line': b'byte-compiling /home/mate/ros2_ws/install/ros2_course/lib/python3.10/site-packages/ros2_course/__init__.py to __init__.cpython-310.pyc\n'}
[2.884003] (ros2_course) StdoutLine: {'line': b'running install_data\n'}
[2.884379] (ros2_course) StdoutLine: {'line': b'copying resource/ros2_course -> /home/mate/ros2_ws/install/ros2_course/share/ament_index/resource_index/packages\n'}
[2.884603] (ros2_course) StdoutLine: {'line': b'copying package.xml -> /home/mate/ros2_ws/install/ros2_course/share/ros2_course\n'}
[2.885207] (ros2_course) StdoutLine: {'line': b'running install_egg_info\n'}
[2.892856] (ros2_course) StdoutLine: {'line': b'Copying ../../build/ros2_course/ros2_course.egg-info to /home/mate/ros2_ws/install/ros2_course/lib/python3.10/site-packages/ros2_course-0.0.0-py3.10.egg-info\n'}
[2.893351] (ros2_course) StdoutLine: {'line': b'running install_scripts\n'}
[2.905084] (-) TimerEvent: {}
[2.941696] (ros2_course) StdoutLine: {'line': b'Installing hello = ros2_course.hello:mainpsm_grasp = ros2_course.psm_grasp:maindummy_marker script to /home/mate/ros2_ws/install/ros2_course/lib/ros2_course\n'}
[2.942364] (ros2_course) StdoutLine: {'line': b"writing list of installed files to '/home/mate/ros2_ws/build/ros2_course/install.log'\n"}
[2.993495] (ros2_course) CommandEnded: {'returncode': 0}
[3.005392] (-) TimerEvent: {}
[3.011202] (ros2_course) JobEnded: {'identifier': 'ros2_course', 'rc': 0}
[3.012147] (-) EventReactorShutdown: {}
