[1.208s] Invoking command in '/home/mate/ros2_ws/build/ros2_course': PYTHONPATH=/home/mate/ros2_ws/build/ros2_course/prefix_override:/home/mate/ros2_ws/install/ros2_course/lib/python3.10/site-packages:${PYTHONPATH} /usr/bin/python3 -W ignore:setup.py install is deprecated setup.py develop --editable --build-directory /home/mate/ros2_ws/build/ros2_course/build --no-deps symlink_data
[1.740s] running develop
[1.740s] /usr/lib/python3/dist-packages/setuptools/command/easy_install.py:158: EasyInstallDeprecationWarning: easy_install command is deprecated. Use build and pip and other standards-based tools.
[1.740s]   warnings.warn(
[2.096s] running egg_info
[2.096s] writing ros2_course.egg-info/PKG-INFO
[2.097s] writing dependency_links to ros2_course.egg-info/dependency_links.txt
[2.097s] writing entry points to ros2_course.egg-info/entry_points.txt
[2.097s] writing requirements to ros2_course.egg-info/requires.txt
[2.097s] writing top-level names to ros2_course.egg-info/top_level.txt
[2.101s] reading manifest file 'ros2_course.egg-info/SOURCES.txt'
[2.102s] writing manifest file 'ros2_course.egg-info/SOURCES.txt'
[2.105s] running build_ext
[2.105s] Creating /home/mate/ros2_ws/install/ros2_course/lib/python3.10/site-packages/ros2-course.egg-link (link to .)
[2.107s] Installing dummy_marker script to /home/mate/ros2_ws/install/ros2_course/lib/ros2_course
[2.107s] Installing hello script to /home/mate/ros2_ws/install/ros2_course/lib/ros2_course
[2.107s] Installing psm_grasp script to /home/mate/ros2_ws/install/ros2_course/lib/ros2_course
[2.108s] 
[2.108s] Installed /home/mate/ros2_ws/build/ros2_course
[2.108s] running symlink_data
[2.162s] Invoked command in '/home/mate/ros2_ws/build/ros2_course' returned '0': PYTHONPATH=/home/mate/ros2_ws/build/ros2_course/prefix_override:/home/mate/ros2_ws/install/ros2_course/lib/python3.10/site-packages:${PYTHONPATH} /usr/bin/python3 -W ignore:setup.py install is deprecated setup.py develop --editable --build-directory /home/mate/ros2_ws/build/ros2_course/build --no-deps symlink_data
